2024-10-26 10:22:06.496 INFO  dev.akemi.backend.BackendApplication              :50  
                [32m                  [0;39m Starting BackendApplication using Java 17.0.12 with PID 32784 (G:\fullStack\fullStackProject\wiki-project\backend\target\classes started by Lulouch in G:\fullStack\fullStackProject\wiki-project)
2024-10-26 10:22:06.499 INFO  dev.akemi.backend.BackendApplication              :654 
                [32m                  [0;39m No active profile set, falling back to 1 default profile: "default"
2024-10-26 10:22:06.538 INFO  o.s.b.d.env.DevToolsPropertyDefaultsPostProcessor :252 
                [32m                  [0;39m Devtools property defaults active! Set 'spring.devtools.add-properties' to 'false' to disable
2024-10-26 10:22:06.539 INFO  o.s.b.d.env.DevToolsPropertyDefaultsPostProcessor :252 
                [32m                  [0;39m For additional web related logging consider setting the 'logging.level.web' property to 'DEBUG'
2024-10-26 10:22:06.988 INFO  o.s.d.r.config.RepositoryConfigurationDelegate    :143 
                [32m                  [0;39m Bootstrapping Spring Data JDBC repositories in DEFAULT mode.
2024-10-26 10:22:07.001 INFO  o.s.d.r.config.RepositoryConfigurationDelegate    :211 
                [32m                  [0;39m Finished Spring Data repository scanning in 9 ms. Found 0 JDBC repository interfaces.
2024-10-26 10:22:07.225 ERROR org.apache.catalina.core.AprLifecycleListener     :173 
                [32m                  [0;39m An incompatible version [1.2.30] of the Apache Tomcat Native library is installed, while Tomcat requires version [1.2.34]
2024-10-26 10:22:07.429 INFO  o.s.boot.web.embedded.tomcat.TomcatWebServer      :111 
                [32m                  [0;39m Tomcat initialized with port 8080 (http)
2024-10-26 10:22:07.437 INFO  org.apache.coyote.http11.Http11NioProtocol        :173 
                [32m                  [0;39m Initializing ProtocolHandler ["http-nio-8080"]
2024-10-26 10:22:07.440 INFO  org.apache.catalina.core.StandardService          :173 
                [32m                  [0;39m Starting service [Tomcat]
2024-10-26 10:22:07.440 INFO  org.apache.catalina.core.StandardEngine           :173 
                [32m                  [0;39m Starting Servlet engine: [Apache Tomcat/10.1.31]
2024-10-26 10:22:07.478 INFO  o.a.c.core.ContainerBase.[Tomcat].[localhost].[/] :173 
                [32m                  [0;39m Initializing Spring embedded WebApplicationContext
2024-10-26 10:22:07.479 INFO  o.s.b.w.s.c.ServletWebServerApplicationContext    :296 
                [32m                  [0;39m Root WebApplicationContext: initialization completed in 939 ms
2024-10-26 10:22:07.792 INFO  com.zaxxer.hikari.HikariDataSource                :109 
                [32m                  [0;39m HikariPool-1 - Starting...
2024-10-26 10:22:08.005 INFO  com.zaxxer.hikari.pool.HikariPool                 :554 
                [32m                  [0;39m HikariPool-1 - Added connection com.mysql.cj.jdbc.ConnectionImpl@3f3487d
2024-10-26 10:22:08.007 INFO  com.zaxxer.hikari.HikariDataSource                :122 
                [32m                  [0;39m HikariPool-1 - Start completed.
2024-10-26 10:22:08.106 WARN  o.s.b.a.s.s.UserDetailsServiceAutoConfiguration   :86  
                [32m                  [0;39m 

Using generated security password: ae508ca6-dc50-4376-86fe-64a0d39334f1

This generated password is for development use only. Your security configuration must be updated before running your application in production.

2024-10-26 10:22:08.119 INFO  o.s.s.c.a.a.c.InitializeUserDetailsBeanManagerConfigurer$InitializeUserDetailsManagerConfigurer:113 
                [32m                  [0;39m Global AuthenticationManager configured with UserDetailsService bean with name inMemoryUserDetailsManager
2024-10-26 10:22:08.234 INFO  o.s.b.d.autoconfigure.OptionalLiveReloadServer    :59  
                [32m                  [0;39m LiveReload server is running on port 35729
2024-10-26 10:22:08.248 INFO  org.apache.coyote.http11.Http11NioProtocol        :173 
                [32m                  [0;39m Starting ProtocolHandler ["http-nio-8080"]
2024-10-26 10:22:08.264 WARN  o.s.b.w.s.c.AnnotationConfigServletWebServerApplicationContext:633 
                [32m                  [0;39m Exception encountered during context initialization - cancelling refresh attempt: org.springframework.context.ApplicationContextException: Failed to start bean 'webServerStartStop'
2024-10-26 10:22:08.266 INFO  com.zaxxer.hikari.HikariDataSource                :349 
                [32m                  [0;39m HikariPool-1 - Shutdown initiated...
2024-10-26 10:22:08.301 INFO  com.zaxxer.hikari.HikariDataSource                :351 
                [32m                  [0;39m HikariPool-1 - Shutdown completed.
2024-10-26 10:22:08.312 INFO  o.s.b.a.logging.ConditionEvaluationReportLogger   :82  
                [32m                  [0;39m 

Error starting ApplicationContext. To display the condition evaluation report re-run your application with 'debug' enabled.
2024-10-26 10:22:08.326 ERROR o.s.b.diagnostics.LoggingFailureAnalysisReporter  :40  
                [32m                  [0;39m 

***************************
APPLICATION FAILED TO START
***************************

Description:

Web server failed to start. Port 8080 was already in use.

Action:

Identify and stop the process that's listening on port 8080 or configure this application to listen on another port.

2024-10-26 10:23:05.868 INFO  dev.akemi.backend.BackendApplication              :50  
                [32m                  [0;39m Starting BackendApplication using Java 17.0.12 with PID 17688 (G:\fullStack\fullStackProject\wiki-project\backend\target\classes started by Lulouch in G:\fullStack\fullStackProject\wiki-project)
2024-10-26 10:23:05.871 INFO  dev.akemi.backend.BackendApplication              :654 
                [32m                  [0;39m No active profile set, falling back to 1 default profile: "default"
2024-10-26 10:23:05.906 INFO  o.s.b.d.env.DevToolsPropertyDefaultsPostProcessor :252 
                [32m                  [0;39m Devtools property defaults active! Set 'spring.devtools.add-properties' to 'false' to disable
2024-10-26 10:23:05.907 INFO  o.s.b.d.env.DevToolsPropertyDefaultsPostProcessor :252 
                [32m                  [0;39m For additional web related logging consider setting the 'logging.level.web' property to 'DEBUG'
2024-10-26 10:23:06.342 INFO  o.s.d.r.config.RepositoryConfigurationDelegate    :143 
                [32m                  [0;39m Bootstrapping Spring Data JDBC repositories in DEFAULT mode.
2024-10-26 10:23:06.354 INFO  o.s.d.r.config.RepositoryConfigurationDelegate    :211 
                [32m                  [0;39m Finished Spring Data repository scanning in 8 ms. Found 0 JDBC repository interfaces.
2024-10-26 10:23:06.568 ERROR org.apache.catalina.core.AprLifecycleListener     :173 
                [32m                  [0;39m An incompatible version [1.2.30] of the Apache Tomcat Native library is installed, while Tomcat requires version [1.2.34]
2024-10-26 10:23:06.762 INFO  o.s.boot.web.embedded.tomcat.TomcatWebServer      :111 
                [32m                  [0;39m Tomcat initialized with port 8088 (http)
2024-10-26 10:23:06.770 INFO  org.apache.coyote.http11.Http11NioProtocol        :173 
                [32m                  [0;39m Initializing ProtocolHandler ["http-nio-8088"]
2024-10-26 10:23:06.773 INFO  org.apache.catalina.core.StandardService          :173 
                [32m                  [0;39m Starting service [Tomcat]
2024-10-26 10:23:06.773 INFO  org.apache.catalina.core.StandardEngine           :173 
                [32m                  [0;39m Starting Servlet engine: [Apache Tomcat/10.1.31]
2024-10-26 10:23:06.811 INFO  o.a.c.core.ContainerBase.[Tomcat].[localhost].[/] :173 
                [32m                  [0;39m Initializing Spring embedded WebApplicationContext
2024-10-26 10:23:06.812 INFO  o.s.b.w.s.c.ServletWebServerApplicationContext    :296 
                [32m                  [0;39m Root WebApplicationContext: initialization completed in 905 ms
2024-10-26 10:23:07.125 INFO  com.zaxxer.hikari.HikariDataSource                :109 
                [32m                  [0;39m HikariPool-1 - Starting...
2024-10-26 10:23:07.335 INFO  com.zaxxer.hikari.pool.HikariPool                 :554 
                [32m                  [0;39m HikariPool-1 - Added connection com.mysql.cj.jdbc.ConnectionImpl@50f62f7d
2024-10-26 10:23:07.337 INFO  com.zaxxer.hikari.HikariDataSource                :122 
                [32m                  [0;39m HikariPool-1 - Start completed.
2024-10-26 10:23:07.433 WARN  o.s.b.a.s.s.UserDetailsServiceAutoConfiguration   :86  
                [32m                  [0;39m 

Using generated security password: 6d5fc309-386f-469f-979d-b4c014f22058

This generated password is for development use only. Your security configuration must be updated before running your application in production.

2024-10-26 10:23:07.445 INFO  o.s.s.c.a.a.c.InitializeUserDetailsBeanManagerConfigurer$InitializeUserDetailsManagerConfigurer:113 
                [32m                  [0;39m Global AuthenticationManager configured with UserDetailsService bean with name inMemoryUserDetailsManager
2024-10-26 10:23:07.549 INFO  o.s.b.d.autoconfigure.OptionalLiveReloadServer    :59  
                [32m                  [0;39m LiveReload server is running on port 35729
2024-10-26 10:23:07.562 INFO  org.apache.coyote.http11.Http11NioProtocol        :173 
                [32m                  [0;39m Starting ProtocolHandler ["http-nio-8088"]
2024-10-26 10:23:07.578 INFO  o.s.boot.web.embedded.tomcat.TomcatWebServer      :243 
                [32m                  [0;39m Tomcat started on port 8088 (http) with context path '/'
2024-10-26 10:23:07.586 INFO  dev.akemi.backend.BackendApplication              :56  
                [32m                  [0;39m Started BackendApplication in 2.137 seconds (process running for 2.871)
